log:5927;
orders:-1;
orders_fee:-1;
orders_items:-1;
orders_log:-1;
page_variables:-1;
pages:-1;
path_alias:-1;
products:-1;
products_comments:-1;
products_files:-1;
products_ranks:-1;
products_relations:-1;
products_type:-1;
products_type_fields:-1;
promotions:-1;
promotions_products:-1;
promotions_type:-1;
ranks:-1;
roles:-1;
roles_permissions:-1;
sessions:-1;
settings:-1;
size_chart:-1;
slide:-1;
states_code:-1;
terms:-1;
terms_products:-1;
type_accessories:-1;
type_babydoll:-1;
type_christmas:-1;
type_corset:-1;
type_costumes:-1;
type_halloween:-1;
type_lingerie:-1;
type_valentine:-1;
users:-1;
users_delivery_records:-1;
users_roles:-1;
vocabulary:-1;
wholesale_user:-1;
widget_coupon:-1;
widget_coupon_products:-1;
widget_fivestars:-1;
widget_mailsubscribe:-1;
widget_random:-1;
widget_seotags:-1;
widget_seotags_products:-1;
widget_seotags_relate:-1;
widget_seotags_terms:-1;
widget_topsearch:-1;
